<?xml version="1.0" encoding="UTF-8"?>
<testsuite name="com.thoughtworks.collection.StreamReduceTest" tests="1" skipped="0" failures="0" errors="0" timestamp="2021-12-01T06:31:17" hostname="HOMA3-W10" time="0.024">
  <properties/>
  <testcase name="should_return_total_length()" classname="com.thoughtworks.collection.StreamReduceTest" time="0.024"/>
  <system-out><![CDATA[]]></system-out>
  <system-err><![CDATA[]]></system-err>
</testsuite>
